c:\users\boonapart\desktop\bmtpbalan\modulesbalan\x64\debug\balan-task_8_1.pdb
c:\users\boonapart\desktop\bmtpbalan\modulesbalan\x64\debug\balan-task_8_1.idb
c:\users\boonapart\desktop\bmtpbalan\modulesbalan\balan-task_8_1\x64\debug\balan-task_8_1.obj
c:\users\boonapart\desktop\bmtpbalan\modulesbalan\x64\debug\balan-task_8_1.lib
c:\users\boonapart\source\repos\balan-task_8_1\balan-task_8_1\x64\debug\balan-task_8_1.ilk
c:\users\boonapart\desktop\bmtpbalan\modulesbalan\balan-task_8_1\x64\debug\balan-task_8_1.obj.enc
c:\users\boonapart\desktop\bmtpbalan\modulesbalan\balan-task_8_1\x64\debug\vc143.idb
c:\users\boonapart\desktop\bmtpbalan\modulesbalan\balan-task_8_1\x64\debug\vc143.pdb
c:\users\boonapart\desktop\bmtpbalan\modulesbalan\balan-task_8_1\x64\debug\balan-task_8_1.tlog\cl.command.1.tlog
c:\users\boonapart\desktop\bmtpbalan\modulesbalan\balan-task_8_1\x64\debug\balan-task_8_1.tlog\cl.items.tlog
c:\users\boonapart\desktop\bmtpbalan\modulesbalan\balan-task_8_1\x64\debug\balan-task_8_1.tlog\cl.read.1.tlog
c:\users\boonapart\desktop\bmtpbalan\modulesbalan\balan-task_8_1\x64\debug\balan-task_8_1.tlog\cl.write.1.tlog
c:\users\boonapart\desktop\bmtpbalan\modulesbalan\balan-task_8_1\x64\debug\balan-task_8_1.tlog\lib-link.read.1.tlog
c:\users\boonapart\desktop\bmtpbalan\modulesbalan\balan-task_8_1\x64\debug\balan-task_8_1.tlog\lib-link.write.1.tlog
c:\users\boonapart\desktop\bmtpbalan\modulesbalan\balan-task_8_1\x64\debug\balan-task_8_1.tlog\lib.command.1.tlog
c:\users\boonapart\desktop\bmtpbalan\modulesbalan\balan-task_8_1\x64\debug\balan-task_8_1.tlog\link.5876-cvtres.read.1.tlog
c:\users\boonapart\desktop\bmtpbalan\modulesbalan\balan-task_8_1\x64\debug\balan-task_8_1.tlog\link.5876-cvtres.write.1.tlog
c:\users\boonapart\desktop\bmtpbalan\modulesbalan\balan-task_8_1\x64\debug\balan-task_8_1.tlog\link.5876-rc.read.1.tlog
c:\users\boonapart\desktop\bmtpbalan\modulesbalan\balan-task_8_1\x64\debug\balan-task_8_1.tlog\link.5876-rc.write.1.tlog
c:\users\boonapart\desktop\bmtpbalan\modulesbalan\balan-task_8_1\x64\debug\balan-task_8_1.tlog\link.5876.read.1.tlog
c:\users\boonapart\desktop\bmtpbalan\modulesbalan\balan-task_8_1\x64\debug\balan-task_8_1.tlog\link.5876.read.2.tlog
c:\users\boonapart\desktop\bmtpbalan\modulesbalan\balan-task_8_1\x64\debug\balan-task_8_1.tlog\link.5876.read.3.tlog
c:\users\boonapart\desktop\bmtpbalan\modulesbalan\balan-task_8_1\x64\debug\balan-task_8_1.tlog\link.5876.read.4.tlog
c:\users\boonapart\desktop\bmtpbalan\modulesbalan\balan-task_8_1\x64\debug\balan-task_8_1.tlog\link.5876.write.1.tlog
c:\users\boonapart\desktop\bmtpbalan\modulesbalan\balan-task_8_1\x64\debug\balan-task_8_1.tlog\link.command.1.tlog
c:\users\boonapart\desktop\bmtpbalan\modulesbalan\balan-task_8_1\x64\debug\balan-task_8_1.tlog\link.read.1.tlog
c:\users\boonapart\desktop\bmtpbalan\modulesbalan\balan-task_8_1\x64\debug\balan-task_8_1.tlog\link.secondary.1.tlog
c:\users\boonapart\desktop\bmtpbalan\modulesbalan\balan-task_8_1\x64\debug\balan-task_8_1.tlog\link.write.1.tlog
